<?xml version="1.0" encoding="UTF-8"?>
<!-- Generated by org.testng.reporters.JUnitXMLReporter -->
<testsuite ignored="9" hostname="LAPTOP-589LAIG8" failures="0" tests="2" name="Employee Module Tests" time="47.63" errors="0" timestamp="2026-06-20T17:38:45 IST">
  <testcase classname="testCases.TC_006_AddEmployee" name="AddEmployee" time="13.728"/>
  <testcase classname="testCases.TC_009_EditEmployee" name="EditEmployeeFirstName" time="21.123"/>
  <testcase classname="testCases.TC_002_DashBoard" name="samplefromDashboard" time="0.0">
    <ignored/>
  </testcase> <!-- samplefromDashboard -->
  <testcase classname="testCases.TC_001_Login" name="samplefromLogin" time="0.0">
    <ignored/>
  </testcase> <!-- samplefromLogin -->
  <testcase classname="testCases.TC_004_Logout" name="TestingLogOut" time="0.0">
    <ignored/>
  </testcase> <!-- TestingLogOut -->
  <testcase classname="testCases.TC_002_DashBoard" name="clickonAdmin" time="0.0">
    <ignored/>
  </testcase> <!-- clickonAdmin -->
  <testcase classname="testCases.TC_007_SearchEmployee" name="SearchEmployeeName" time="0.0">
    <ignored/>
  </testcase> <!-- SearchEmployeeName -->
  <testcase classname="testCases.TC_001_Login" name="login" time="0.0">
    <ignored/>
  </testcase> <!-- login -->
  <testcase classname="testCases.TC_005_AdminPageValidation" name="checkAdminPageval" time="0.0">
    <ignored/>
  </testcase> <!-- checkAdminPageval -->
  <testcase classname="testCases.TC_008_DeleteEmployee" name="verifyDeleteEmployee" time="0.0">
    <ignored/>
  </testcase> <!-- verifyDeleteEmployee -->
  <testcase classname="testCases.TC_003_LoginDataDriven" name="loginDataDriven" time="0.0">
    <ignored/>
  </testcase> <!-- loginDataDriven -->
</testsuite> <!-- Employee Module Tests -->
